This is pdfTeX, Version 3.141592653-2.6-1.40.22 (MiKTeX 21.2) (preloaded format=pdflatex 2021.4.29)  11 FEB 2024 12:48
entering extended mode
**./MANUALE.tex
(MANUALE.tex
LaTeX2e <2020-10-01> patch level 4
L3 programming layer <2021-02-18> xparse <2020-03-03>
(C:\Users\Marco Bonuccelli\AppData\Local\Programs\MiKTeX\tex/latex/base\article
.cls
Document Class: article 2020/04/10 v1.4m Standard LaTeX document class

(C:\Users\Marco Bonuccelli\AppData\Local\Programs\MiKTeX\tex/latex/base\size12.
clo
File: size12.clo 2020/04/10 v1.4m Standard LaTeX file (size option)
)
\c@part=\count179
\c@section=\count180
\c@subsection=\count181
\c@subsubsection=\count182
\c@paragraph=\count183
\c@subparagraph=\count184
\c@figure=\count185
\c@table=\count186
\abovecaptionskip=\skip47
\belowcaptionskip=\skip48
\bibindent=\dimen138
)
(C:\Users\Marco Bonuccelli\AppData\Local\Programs\MiKTeX\tex/latex/base\fontenc
.sty
Package: fontenc 2020/08/10 v2.0s Standard LaTeX package
)
(C:\Users\Marco Bonuccelli\AppData\Local\Programs\MiKTeX\tex/latex/base\inputen
c.sty
Package: inputenc 2020/08/01 v1.3d Input encoding file
\inpenc@prehook=\toks15
\inpenc@posthook=\toks16
)
(C:\Users\Marco Bonuccelli\AppData\Local\Programs\MiKTeX\tex/generic/babel\babe
l.sty
Package: babel 2021/01/26 3.53 The Babel package

(C:\Users\Marco Bonuccelli\AppData\Local\Programs\MiKTeX\tex/generic/babel\babe
l.def
File: babel.def 2021/01/26 3.53 Babel common definitions
\babel@savecnt=\count187
\U@D=\dimen139
\l@babelnohyphens=\language79

(C:\Users\Marco Bonuccelli\AppData\Local\Programs\MiKTeX\tex/generic/babel\txtb
abel.def)
\bbl@readstream=\read2
)
\bbl@dirlevel=\count188

*************************************
* Local config file bblopts.cfg used
*

(C:\Users\Marco Bonuccelli\AppData\Local\Programs\MiKTeX\tex/latex/arabi\bblopt
s.cfg
File: bblopts.cfg 2005/09/08 v0.1 add Arabic and Farsi to "declared" options of
 babel
)
(C:\Users\Marco Bonuccelli\AppData\Local\Programs\MiKTeX\tex/latex/babel-englis
h\english.ldf
Language: english 2017/06/06 v3.3r English support from the babel system
Package babel Info: \l@canadian = using hyphenrules for english
(babel)             (\language0) on input line 102.
Package babel Info: \l@australian = using hyphenrules for ukenglish
(babel)             (\language73) on input line 105.
Package babel Info: \l@newzealand = using hyphenrules for ukenglish
(babel)             (\language73) on input line 108.
)
(C:\Users\Marco Bonuccelli\AppData\Local\Programs\MiKTeX\tex/latex/babel-italia
n\italian.ldf
Language: italian 2020/05/21 v.1.4.04 Italian support for the babel system
\it@lettering=\count189
\it@doublequoteactive=\count190
\it@ISOcompliance=\count191
))
(C:\Users\Marco Bonuccelli\AppData\Local\Programs\MiKTeX\tex/latex/etoolbox\eto
olbox.sty
Package: etoolbox 2020/10/05 v2.5k e-TeX tools for LaTeX (JAW)
\etb@tempcnta=\count192
)
(C:\Users\Marco Bonuccelli\AppData\Local\Programs\MiKTeX\tex/latex/fancyhdr\fan
cyhdr.sty
Package: fancyhdr 2021/01/28 v4.0.1 Extensive control of page headers and foote
rs
\f@nch@headwidth=\skip49
\f@nch@O@elh=\skip50
\f@nch@O@erh=\skip51
\f@nch@O@olh=\skip52
\f@nch@O@orh=\skip53
\f@nch@O@elf=\skip54
\f@nch@O@erf=\skip55
\f@nch@O@olf=\skip56
\f@nch@O@orf=\skip57
)
(C:\Users\Marco Bonuccelli\AppData\Local\Programs\MiKTeX\tex/latex/titlepic\tit
lepic.sty
Package: titlepic 2017/03/14 1.2 Package to display a picture on the title page

)
(C:\Users\Marco Bonuccelli\AppData\Local\Programs\MiKTeX\tex/latex/graphics\gra
phicx.sty
Package: graphicx 2020/09/09 v1.2b Enhanced LaTeX Graphics (DPC,SPQR)

(C:\Users\Marco Bonuccelli\AppData\Local\Programs\MiKTeX\tex/latex/graphics\key
val.sty
Package: keyval 2014/10/28 v1.15 key=value parser (DPC)
\KV@toks@=\toks17
)
(C:\Users\Marco Bonuccelli\AppData\Local\Programs\MiKTeX\tex/latex/graphics\gra
phics.sty
Package: graphics 2020/08/30 v1.4c Standard LaTeX Graphics (DPC,SPQR)

(C:\Users\Marco Bonuccelli\AppData\Local\Programs\MiKTeX\tex/latex/graphics\tri
g.sty
Package: trig 2016/01/03 v1.10 sin cos tan (DPC)
)
(C:\Users\Marco Bonuccelli\AppData\Local\Programs\MiKTeX\tex/latex/graphics-cfg
\graphics.cfg
File: graphics.cfg 2016/06/04 v1.11 sample graphics configuration
)
Package graphics Info: Driver file: pdftex.def on input line 105.

(C:\Users\Marco Bonuccelli\AppData\Local\Programs\MiKTeX\tex/latex/graphics-def
\pdftex.def
File: pdftex.def 2020/10/05 v1.2a Graphics/color driver for pdftex
))
\Gin@req@height=\dimen140
\Gin@req@width=\dimen141
)
(C:\Users\Marco Bonuccelli\AppData\Local\Programs\MiKTeX\tex/latex/amsmath\amsm
ath.sty
Package: amsmath 2020/09/23 v2.17i AMS math features
\@mathmargin=\skip58

For additional information on amsmath, use the `?' option.

(C:\Users\Marco Bonuccelli\AppData\Local\Programs\MiKTeX\tex/latex/amsmath\amst
ext.sty
Package: amstext 2000/06/29 v2.01 AMS text

(C:\Users\Marco Bonuccelli\AppData\Local\Programs\MiKTeX\tex/latex/amsmath\amsg
en.sty
File: amsgen.sty 1999/11/30 v2.0 generic functions
\@emptytoks=\toks18
\ex@=\dimen142
))
(C:\Users\Marco Bonuccelli\AppData\Local\Programs\MiKTeX\tex/latex/amsmath\amsb
sy.sty
Package: amsbsy 1999/11/29 v1.2d Bold Symbols
\pmbraise@=\dimen143
)
(C:\Users\Marco Bonuccelli\AppData\Local\Programs\MiKTeX\tex/latex/amsmath\amso
pn.sty
Package: amsopn 2016/03/08 v2.02 operator names
)
\inf@bad=\count193
LaTeX Info: Redefining \frac on input line 234.
\uproot@=\count194
\leftroot@=\count195
LaTeX Info: Redefining \overline on input line 399.
\classnum@=\count196
\DOTSCASE@=\count197
LaTeX Info: Redefining \ldots on input line 496.
LaTeX Info: Redefining \dots on input line 499.
LaTeX Info: Redefining \cdots on input line 620.
\Mathstrutbox@=\box47
\strutbox@=\box48
\big@size=\dimen144
LaTeX Font Info:    Redeclaring font encoding OML on input line 743.
LaTeX Font Info:    Redeclaring font encoding OMS on input line 744.
\macc@depth=\count198
\c@MaxMatrixCols=\count199
\dotsspace@=\muskip16
\c@parentequation=\count266
\dspbrk@lvl=\count267
\tag@help=\toks19
\row@=\count268
\column@=\count269
\maxfields@=\count270
\andhelp@=\toks20
\eqnshift@=\dimen145
\alignsep@=\dimen146
\tagshift@=\dimen147
\tagwidth@=\dimen148
\totwidth@=\dimen149
\lineht@=\dimen150
\@envbody=\toks21
\multlinegap=\skip59
\multlinetaggap=\skip60
\mathdisplay@stack=\toks22
LaTeX Info: Redefining \[ on input line 2923.
LaTeX Info: Redefining \] on input line 2924.
)
(C:\Users\Marco Bonuccelli\AppData\Local\Programs\MiKTeX\tex/latex/amsfonts\ams
fonts.sty
Package: amsfonts 2013/01/14 v3.01 Basic AMSFonts support
\symAMSa=\mathgroup4
\symAMSb=\mathgroup5
LaTeX Font Info:    Redeclaring math symbol \hbar on input line 98.
LaTeX Font Info:    Overwriting math alphabet `\mathfrak' in version `bold'
(Font)                  U/euf/m/n --> U/euf/b/n on input line 106.
)
(C:\Users\Marco Bonuccelli\AppData\Local\Programs\MiKTeX\tex/latex/multirow\mul
tirow.sty
Package: multirow 2021/03/15 v2.8 Span multiple rows of a table
\multirow@colwidth=\skip61
\multirow@cntb=\count271
\multirow@dima=\skip62
\bigstrutjot=\dimen151
)
(C:\Users\Marco Bonuccelli\AppData\Local\Programs\MiKTeX\tex/latex/subfig\subfi
g.sty
Package: subfig 2005/06/28 ver: 1.3 subfig package

(C:\Users\Marco Bonuccelli\AppData\Local\Programs\MiKTeX\tex/latex/caption\capt
ion.sty
Package: caption 2020/10/26 v3.5g Customizing captions (AR)

(C:\Users\Marco Bonuccelli\AppData\Local\Programs\MiKTeX\tex/latex/caption\capt
ion3.sty
Package: caption3 2020/10/21 v2.2e caption3 kernel (AR)
\captionmargin=\dimen152
\captionmargin@=\dimen153
\captionwidth=\dimen154
\caption@tempdima=\dimen155
\caption@indent=\dimen156
\caption@parindent=\dimen157
\caption@hangindent=\dimen158
Package caption Info: Standard document class detected.
)
\c@caption@flags=\count272
\c@continuedfloat=\count273
)
\c@KVtest=\count274
\sf@farskip=\skip63
\sf@captopadj=\dimen159
\sf@capskip=\skip64
\sf@nearskip=\skip65
\c@subfigure=\count275
\c@subfigure@save=\count276
\c@lofdepth=\count277
\c@subtable=\count278
\c@subtable@save=\count279
\c@lotdepth=\count280
\sf@top=\skip66
\sf@bottom=\skip67
)
(C:\Users\Marco Bonuccelli\AppData\Local\Programs\MiKTeX\tex/latex/booktabs\boo
ktabs.sty
Package: booktabs 2020/01/12 v1.61803398 Publication quality tables
\heavyrulewidth=\dimen160
\lightrulewidth=\dimen161
\cmidrulewidth=\dimen162
\belowrulesep=\dimen163
\belowbottomsep=\dimen164
\aboverulesep=\dimen165
\abovetopsep=\dimen166
\cmidrulesep=\dimen167
\cmidrulekern=\dimen168
\defaultaddspace=\dimen169
\@cmidla=\count281
\@cmidlb=\count282
\@aboverulesep=\dimen170
\@belowrulesep=\dimen171
\@thisruleclass=\count283
\@lastruleclass=\count284
\@thisrulewidth=\dimen172
)
(C:\Users\Marco Bonuccelli\AppData\Local\Programs\MiKTeX\tex/latex/cancel\cance
l.sty
Package: cancel 2013/04/12 v2.2 Cancel math terms
)
(C:\Users\Marco Bonuccelli\AppData\Local\Programs\MiKTeX\tex/latex/csquotes\csq
uotes.sty
Package: csquotes 2021-02-22 v5.2l context-sensitive quotations (JAW)
\csq@reset=\count285
\csq@gtype=\count286
\csq@glevel=\count287
\csq@qlevel=\count288
\csq@maxlvl=\count289
\csq@tshold=\count290
\csq@ltx@everypar=\toks23

(C:\Users\Marco Bonuccelli\AppData\Local\Programs\MiKTeX\tex/latex/csquotes\csq
uotes.def
File: csquotes.def 2021-02-22 v5.2l csquotes generic definitions (JAW)
)
Package csquotes Info: Trying to load configuration file 'csquotes.cfg'...
Package csquotes Info: ... configuration file loaded successfully.

(C:\Users\Marco Bonuccelli\AppData\Local\Programs\MiKTeX\tex/latex/csquotes\csq
uotes.cfg
File: csquotes.cfg 
)
Package csquotes Info: Enabling multilingual quotes.
Package csquotes Info: Redefining alias 'italian' -> 'italian/guillemets'.
)
(C:\Users\Marco Bonuccelli\AppData\Local\Programs\MiKTeX\tex/latex/lipsum\lipsu
m.sty
(C:\Users\Marco Bonuccelli\AppData\Local\Programs\MiKTeX\tex/latex/l3packages/l
3keys2e\l3keys2e.sty
(C:\Users\Marco Bonuccelli\AppData\Local\Programs\MiKTeX\tex/latex/l3kernel\exp
l3.sty
Package: expl3 2021-02-18 L3 programming layer (loader) 

(C:\Users\Marco Bonuccelli\AppData\Local\Programs\MiKTeX\tex/latex/l3backend\l3
backend-pdftex.def
File: l3backend-pdftex.def 2021-02-18 L3 backend support: PDF output (pdfTeX)
\l__color_backend_stack_int=\count291
\l__pdf_internal_box=\box49
))
Package: l3keys2e 2020-10-27 LaTeX2e option processing using LaTeX3 keys
)
Package: lipsum 2021-09-20 v2.7 150 paragraphs of Lorem Ipsum dummy text
\g__lipsum_par_int=\count292
\l__lipsum_a_int=\count293
\l__lipsum_b_int=\count294

LaTeX3 Info: Defining command \LipsumPar with sig. 'm' on line 175.


LaTeX3 Info: Defining command \SetLipsumParListItemStart with sig. 's+m' on
(LaTeX3)     line 208.


LaTeX3 Info: Defining command \SetLipsumParListStart with sig. 's+m' on line
(LaTeX3)     208.


LaTeX3 Info: Defining command \SetLipsumParListItemEnd with sig. 's+m' on line
(LaTeX3)     208.


LaTeX3 Info: Defining command \SetLipsumParListEnd with sig. 's+m' on line
(LaTeX3)     208.


LaTeX3 Info: Defining command \SetLipsumParListItemSurrounders with sig.
(LaTeX3)     's+m+m' on line 208.


LaTeX3 Info: Defining command \SetLipsumParListSurrounders with sig. 's+m+m'
(LaTeX3)     on line 208.


LaTeX3 Info: Defining command \SetLipsumParListItemSeparator with sig. 's+m'
(LaTeX3)     on line 208.


LaTeX3 Info: Defining command \SetLipsumSentenceListItemStart with sig. 's+m'
(LaTeX3)     on line 208.


LaTeX3 Info: Defining command \SetLipsumSentenceListStart with sig. 's+m' on
(LaTeX3)     line 208.


LaTeX3 Info: Defining command \SetLipsumSentenceListItemEnd with sig. 's+m' on
(LaTeX3)     line 208.


LaTeX3 Info: Defining command \SetLipsumSentenceListEnd with sig. 's+m' on
(LaTeX3)     line 208.


LaTeX3 Info: Defining command \SetLipsumSentenceListItemSurrounders with sig.
(LaTeX3)     's+m+m' on line 208.


LaTeX3 Info: Defining command \SetLipsumSentenceListSurrounders with sig.
(LaTeX3)     's+m+m' on line 208.


LaTeX3 Info: Defining command \SetLipsumSentenceListItemSeparator with sig.
(LaTeX3)     's+m' on line 208.


LaTeX3 Info: Defining command \SetLipsumDefault with sig. 'm' on line 214.


LaTeX3 Info: Defining command \lipsum with sig. 'sO{\g_lipsum_default_range_tl
(LaTeX3)     }o' on line 223.


LaTeX3 Info: Defining command \unpacklipsum with sig.
(LaTeX3)     'sO{\g_lipsum_default_range_tl }o' on line 225.


LaTeX3 Info: Defining command \SetLipsumText with sig. 'm' on line 326.


LaTeX3 Info: Defining command \SetLipsumLanguage with sig. 'm' on line 328.


LaTeX3 Info: Defining command \setlipsum with sig. '+m' on line 357.


(C:\Users\Marco Bonuccelli\AppData\Local\Programs\MiKTeX\tex/latex/lipsum\lipsu
m.ltd.tex))
(C:\Users\Marco Bonuccelli\AppData\Local\Programs\MiKTeX\tex/latex/quoting\quot
ing.sty
Package: quoting 2014/01/28 v0.1c Consolidated environment for displayed text

(C:\Users\Marco Bonuccelli\AppData\Local\Programs\MiKTeX\tex/latex/kvoptions\kv
options.sty
Package: kvoptions 2020-10-07 v3.14 Key value format for package options (HO)

(C:\Users\Marco Bonuccelli\AppData\Local\Programs\MiKTeX\tex/generic/ltxcmds\lt
xcmds.sty
Package: ltxcmds 2020-05-10 v1.25 LaTeX kernel commands for general use (HO)
)
(C:\Users\Marco Bonuccelli\AppData\Local\Programs\MiKTeX\tex/generic/kvsetkeys\
kvsetkeys.sty
Package: kvsetkeys 2019/12/15 v1.18 Key value parser (HO)
))
\quo@toppartop=\skip68
)
(C:\Users\Marco Bonuccelli\AppData\Local\Programs\MiKTeX\tex/latex/hyperref\hyp
erref.sty
Package: hyperref 2021-02-10 v7.00j Hypertext links for LaTeX

(C:\Users\Marco Bonuccelli\AppData\Local\Programs\MiKTeX\tex/generic/iftex\ifte
x.sty
Package: iftex 2020/03/06 v1.0d TeX engine tests
)
(C:\Users\Marco Bonuccelli\AppData\Local\Programs\MiKTeX\tex/generic/pdftexcmds
\pdftexcmds.sty
Package: pdftexcmds 2020-06-27 v0.33 Utility functions of pdfTeX for LuaTeX (HO
)

(C:\Users\Marco Bonuccelli\AppData\Local\Programs\MiKTeX\tex/generic/infwarerr\
infwarerr.sty
Package: infwarerr 2019/12/03 v1.5 Providing info/warning/error messages (HO)
)
Package pdftexcmds Info: \pdf@primitive is available.
Package pdftexcmds Info: \pdf@ifprimitive is available.
Package pdftexcmds Info: \pdfdraftmode found.
)
(C:\Users\Marco Bonuccelli\AppData\Local\Programs\MiKTeX\tex/generic/kvdefineke
ys\kvdefinekeys.sty
Package: kvdefinekeys 2019-12-19 v1.6 Define keys (HO)
)
(C:\Users\Marco Bonuccelli\AppData\Local\Programs\MiKTeX\tex/generic/pdfescape\
pdfescape.sty
Package: pdfescape 2019/12/09 v1.15 Implements pdfTeX's escape features (HO)
)
(C:\Users\Marco Bonuccelli\AppData\Local\Programs\MiKTeX\tex/latex/hycolor\hyco
lor.sty
Package: hycolor 2020-01-27 v1.10 Color options for hyperref/bookmark (HO)
)
(C:\Users\Marco Bonuccelli\AppData\Local\Programs\MiKTeX\tex/latex/letltxmacro\
letltxmacro.sty
Package: letltxmacro 2019/12/03 v1.6 Let assignment for LaTeX macros (HO)
)
(C:\Users\Marco Bonuccelli\AppData\Local\Programs\MiKTeX\tex/latex/auxhook\auxh
ook.sty
Package: auxhook 2019-12-17 v1.6 Hooks for auxiliary files (HO)
)
\@linkdim=\dimen173
\Hy@linkcounter=\count295
\Hy@pagecounter=\count296

(C:\Users\Marco Bonuccelli\AppData\Local\Programs\MiKTeX\tex/latex/hyperref\pd1
enc.def
File: pd1enc.def 2021-02-10 v7.00j Hyperref: PDFDocEncoding definition (HO)
Now handling font encoding PD1 ...
... no UTF-8 mapping file for font encoding PD1
)
(C:\Users\Marco Bonuccelli\AppData\Local\Programs\MiKTeX\tex/latex/hyperref\hyp
erref-langpatches.def
File: hyperref-langpatches.def 2021-02-10 v7.00j Hyperref: patches for babel la
nguages
)
(C:\Users\Marco Bonuccelli\AppData\Local\Programs\MiKTeX\tex/generic/intcalc\in
tcalc.sty
Package: intcalc 2019/12/15 v1.3 Expandable calculations with integers (HO)
)
(C:\Users\Marco Bonuccelli\AppData\Local\Programs\MiKTeX\tex/generic/etexcmds\e
texcmds.sty
Package: etexcmds 2019/12/15 v1.7 Avoid name clashes with e-TeX commands (HO)
)
\Hy@SavedSpaceFactor=\count297

(C:\Users\Marco Bonuccelli\AppData\Local\Programs\MiKTeX\tex/latex/hyperref\pue
nc.def
File: puenc.def 2021-02-10 v7.00j Hyperref: PDF Unicode definition (HO)
Now handling font encoding PU ...
... no UTF-8 mapping file for font encoding PU
)
Package hyperref Info: Hyper figures OFF on input line 4192.
Package hyperref Info: Link nesting OFF on input line 4197.
Package hyperref Info: Hyper index ON on input line 4200.
Package hyperref Info: Plain pages OFF on input line 4207.
Package hyperref Info: Backreferencing OFF on input line 4212.
Package hyperref Info: Implicit mode ON; LaTeX internals redefined.
Package hyperref Info: Bookmarks ON on input line 4445.
\c@Hy@tempcnt=\count298

(C:\Users\Marco Bonuccelli\AppData\Local\Programs\MiKTeX\tex/latex/url\url.sty
\Urlmuskip=\muskip17
Package: url 2013/09/16  ver 3.4  Verb mode for urls, etc.
)
LaTeX Info: Redefining \url on input line 4804.
\XeTeXLinkMargin=\dimen174

(C:\Users\Marco Bonuccelli\AppData\Local\Programs\MiKTeX\tex/generic/bitset\bit
set.sty
Package: bitset 2019/12/09 v1.3 Handle bit-vector datatype (HO)

(C:\Users\Marco Bonuccelli\AppData\Local\Programs\MiKTeX\tex/generic/bigintcalc
\bigintcalc.sty
Package: bigintcalc 2019/12/15 v1.5 Expandable calculations on big integers (HO
)
))
\Fld@menulength=\count299
\Field@Width=\dimen175
\Fld@charsize=\dimen176
Package hyperref Info: Hyper figures OFF on input line 6075.
Package hyperref Info: Link nesting OFF on input line 6080.
Package hyperref Info: Hyper index ON on input line 6083.
Package hyperref Info: backreferencing OFF on input line 6090.
Package hyperref Info: Link coloring OFF on input line 6095.
Package hyperref Info: Link coloring with OCG OFF on input line 6100.
Package hyperref Info: PDF/A mode OFF on input line 6105.
LaTeX Info: Redefining \ref on input line 6145.
LaTeX Info: Redefining \pageref on input line 6149.

(C:\Users\Marco Bonuccelli\AppData\Local\Programs\MiKTeX\tex/latex/base\atbegsh
i-ltx.sty
Package: atbegshi-ltx 2020/08/17 v1.0a Emulation of the original atbegshi packa
ge
with kernel methods
)
\Hy@abspage=\count300
\c@Item=\count301
\c@Hfootnote=\count302
)
Package hyperref Info: Driver (autodetected): hpdftex.

(C:\Users\Marco Bonuccelli\AppData\Local\Programs\MiKTeX\tex/latex/hyperref\hpd
ftex.def
File: hpdftex.def 2021-02-10 v7.00j Hyperref driver for pdfTeX

(C:\Users\Marco Bonuccelli\AppData\Local\Programs\MiKTeX\tex/latex/base\atverye
nd-ltx.sty
Package: atveryend-ltx 2020/08/19 v1.0a Emulation of the original atvery packag
e
with kernel methods
)
\Fld@listcount=\count303
\c@bookmark@seq@number=\count304

(C:\Users\Marco Bonuccelli\AppData\Local\Programs\MiKTeX\tex/latex/rerunfileche
ck\rerunfilecheck.sty
Package: rerunfilecheck 2019/12/05 v1.9 Rerun checks for auxiliary files (HO)

(C:\Users\Marco Bonuccelli\AppData\Local\Programs\MiKTeX\tex/generic/uniquecoun
ter\uniquecounter.sty
Package: uniquecounter 2019/12/15 v1.4 Provide unlimited unique counter (HO)
)
Package uniquecounter Info: New unique counter `rerunfilecheck' on input line 2
86.
)
\Hy@SectionHShift=\skip69
)
Package hyperref Info: Option `colorlinks' set `true' on input line 30.
Package hyperref Info: Option `linktocpage' set `true' on input line 30.

(C:\Users\Marco Bonuccelli\AppData\Local\Programs\MiKTeX\tex/latex/psnfss\helve
t.sty
Package: helvet 2020/03/25 PSNFSS-v9.3 (WaS) 
)
(C:\Users\Marco Bonuccelli\AppData\Local\Programs\MiKTeX\tex/latex/titlesec\tit
lesec.sty
Package: titlesec 2019/10/16 v2.13 Sectioning titles
\ttl@box=\box50
\beforetitleunit=\skip70
\aftertitleunit=\skip71
\ttl@plus=\dimen177
\ttl@minus=\dimen178
\ttl@toksa=\toks24
\titlewidth=\dimen179
\titlewidthlast=\dimen180
\titlewidthfirst=\dimen181
)
(C:\Users\Marco Bonuccelli\AppData\Local\Programs\MiKTeX\tex/latex/graphics\rot
ating.sty
Package: rotating 2016/08/11 v2.16d rotated objects in LaTeX

(C:\Users\Marco Bonuccelli\AppData\Local\Programs\MiKTeX\tex/latex/base\ifthen.
sty
Package: ifthen 2014/09/29 v1.1c Standard LaTeX ifthen package (DPC)
)
\c@r@tfl@t=\count305
\rotFPtop=\skip72
\rotFPbot=\skip73
\rot@float@box=\box51
\rot@mess@toks=\toks25
)
(C:\Users\Marco Bonuccelli\AppData\Local\Programs\MiKTeX\tex/latex/tocbibind\to
cbibind.sty
Package: tocbibind 2010/10/13 v1.5k extra ToC listings
Package tocbibind Info: The document has section divisions on input line 50.


Package tocbibind Note: Using section or other style headings.

)
Package csquotes Info: Checking for multilingual support...
Package csquotes Info: ... found 'babel' package.


LaTeX Warning: Unused global option(s):
    [a4].

(MANUALE.aux)
\openout1 = `MANUALE.aux'.

LaTeX Font Info:    Checking defaults for OML/cmm/m/it on input line 50.
LaTeX Font Info:    ... okay on input line 50.
LaTeX Font Info:    Checking defaults for OMS/cmsy/m/n on input line 50.
LaTeX Font Info:    ... okay on input line 50.
LaTeX Font Info:    Checking defaults for OT1/cmr/m/n on input line 50.
LaTeX Font Info:    ... okay on input line 50.
LaTeX Font Info:    Checking defaults for T1/cmr/m/n on input line 50.
LaTeX Font Info:    ... okay on input line 50.
LaTeX Font Info:    Checking defaults for TS1/cmr/m/n on input line 50.
LaTeX Font Info:    ... okay on input line 50.
LaTeX Font Info:    Checking defaults for OMX/cmex/m/n on input line 50.
LaTeX Font Info:    ... okay on input line 50.
LaTeX Font Info:    Checking defaults for U/cmr/m/n on input line 50.
LaTeX Font Info:    ... okay on input line 50.
LaTeX Font Info:    Checking defaults for PD1/pdf/m/n on input line 50.
LaTeX Font Info:    ... okay on input line 50.
LaTeX Font Info:    Checking defaults for PU/pdf/m/n on input line 50.
LaTeX Font Info:    ... okay on input line 50.
LaTeX Info: Redefining \it@ocap on input line 50.
LaTeX Info: Redefining \it@ccap on input line 50.

(C:\Users\Marco Bonuccelli\AppData\Local\Programs\MiKTeX\tex/context/base/mkii\
supp-pdf.mkii
[Loading MPS to PDF converter (version 2006.09.02).]
\scratchcounter=\count306
\scratchdimen=\dimen182
\scratchbox=\box52
\nofMPsegments=\count307
\nofMParguments=\count308
\everyMPshowfont=\toks26
\MPscratchCnt=\count309
\MPscratchDim=\dimen183
\MPnumerator=\count310
\makeMPintoPDFobject=\count311
\everyMPtoPDFconversion=\toks27
)
(C:\Users\Marco Bonuccelli\AppData\Local\Programs\MiKTeX\tex/latex/epstopdf-pkg
\epstopdf-base.sty
Package: epstopdf-base 2020-01-24 v2.11 Base part for package epstopdf

(C:\Users\Marco Bonuccelli\AppData\Local\Programs\MiKTeX\tex/latex/grfext\grfex
t.sty
Package: grfext 2019/12/03 v1.3 Manage graphics extensions (HO)
)
Package epstopdf-base Info: Redefining graphics rule for `.eps' on input line 4
85.
Package grfext Info: Graphics extension search list:
(grfext)             [.pdf,.png,.jpg,.mps,.jpeg,.jbig2,.jb2,.PDF,.PNG,.JPG,.JPE
G,.JBIG2,.JB2,.eps]
(grfext)             \AppendGraphicsExtensions on input line 504.
)
Package caption Info: Begin \AtBeginDocument code.
Package caption Info: subfig package v1.3 is loaded.
Package caption Info: hyperref package is loaded.
Package caption Info: rotating package is loaded.
Package caption Info: End \AtBeginDocument code.

(C:\Users\Marco Bonuccelli\AppData\Local\Programs\MiKTeX\tex/latex/graphics\col
or.sty
Package: color 2020/02/24 v1.2b Standard LaTeX Color (DPC)

(C:\Users\Marco Bonuccelli\AppData\Local\Programs\MiKTeX\tex/latex/graphics-cfg
\color.cfg
File: color.cfg 2016/01/02 v1.6 sample color configuration
)
Package color Info: Driver file: pdftex.def on input line 147.
)
Package hyperref Info: Link coloring ON on input line 50.

(C:\Users\Marco Bonuccelli\AppData\Local\Programs\MiKTeX\tex/latex/hyperref\nam
eref.sty
Package: nameref 2021-04-02 v2.47 Cross-referencing by name of section

(C:\Users\Marco Bonuccelli\AppData\Local\Programs\MiKTeX\tex/latex/refcount\ref
count.sty
Package: refcount 2019/12/15 v3.6 Data extraction from label references (HO)
)
(C:\Users\Marco Bonuccelli\AppData\Local\Programs\MiKTeX\tex/generic/gettitlest
ring\gettitlestring.sty
Package: gettitlestring 2019/12/15 v1.6 Cleanup title references (HO)
)
\c@section@level=\count312
)
LaTeX Info: Redefining \ref on input line 50.
LaTeX Info: Redefining \pageref on input line 50.
LaTeX Info: Redefining \nameref on input line 50.
 (MANUALE.out) (MANUALE.out)
\@outlinefile=\write3
\openout3 = `MANUALE.out'.

LaTeX Font Info:    Trying to load font information for U+msa on input line 53.


(C:\Users\Marco Bonuccelli\AppData\Local\Programs\MiKTeX\tex/latex/amsfonts\ums
a.fd
File: umsa.fd 2013/01/14 v3.01 AMS symbols A
)
LaTeX Font Info:    Trying to load font information for U+msb on input line 53.


(C:\Users\Marco Bonuccelli\AppData\Local\Programs\MiKTeX\tex/latex/amsfonts\ums
b.fd
File: umsb.fd 2013/01/14 v3.01 AMS symbols B
)

LaTeX Warning: No \author given.

<../SPLASH.png, id=3, 384.6872pt x 254.45062pt>
File: ../SPLASH.png Graphic file (type png)
<use ../SPLASH.png>
Package pdftex.def Info: ../SPLASH.png  used on input line 53.
(pdftex.def)             Requested size: 390.0pt x 257.98315pt.
[1

{C:/Users/Marco Bonuccelli/AppData/Local/MiKTeX/pdftex/config/pdftex.map} <../S
PLASH.png>]
LaTeX Font Info:    Trying to load font information for T1+phv on input line 54
.

(C:\Users\Marco Bonuccelli\AppData\Local\Programs\MiKTeX\tex/latex/psnfss\t1phv
.fd
File: t1phv.fd 2020/03/25 scalable font definitions for T1/phv.
)
LaTeX Font Info:    Font shape `T1/phv/m/n' will be
(Font)              scaled to size 11.03998pt on input line 54.
LaTeX Font Info:    Font shape `T1/phv/m/n' will be
(Font)              scaled to size 15.89755pt on input line 54.
<FIGURE/SEZIONE_TOT.png, id=12, 681.29532pt x 141.52875pt>
File: FIGURE/SEZIONE_TOT.png Graphic file (type png)
<use FIGURE/SEZIONE_TOT.png>
Package pdftex.def Info: FIGURE/SEZIONE_TOT.png  used on input line 60.
(pdftex.def)             Requested size: 390.0pt x 81.01775pt.
LaTeX Font Info:    Font shape `T1/phv/m/n' will be
(Font)              scaled to size 13.24796pt on input line 64.
<FIGURE/NUM_NODI.png, id=13, 390.70969pt x 350.81062pt>
File: FIGURE/NUM_NODI.png Graphic file (type png)
<use FIGURE/NUM_NODI.png>
Package pdftex.def Info: FIGURE/NUM_NODI.png  used on input line 69.
(pdftex.def)             Requested size: 195.0pt x 175.08905pt.
pdfTeX warning (ext4): destination with the same identifier (name{page.1}) has 
been already used, duplicate ignored
<to be read again> 
                   \relax 
l.78 	\]
         [1 <./FIGURE/SEZIONE_TOT.png> <./FIGURE/NUM_NODI.png>]
<FIGURE/NUM_ASTE.png, id=22, 390.70969pt x 350.81062pt>
File: FIGURE/NUM_ASTE.png Graphic file (type png)
<use FIGURE/NUM_ASTE.png>
Package pdftex.def Info: FIGURE/NUM_ASTE.png  used on input line 89.
(pdftex.def)             Requested size: 195.0pt x 175.08905pt.
 [2 <./FIGURE/NUM_ASTE.png>]
<FIGURE/CONNETTIVITA_GIUSTA.png, id=32, 390.70969pt x 350.81062pt>
File: FIGURE/CONNETTIVITA_GIUSTA.png Graphic file (type png)
<use FIGURE/CONNETTIVITA_GIUSTA.png>
Package pdftex.def Info: FIGURE/CONNETTIVITA_GIUSTA.png  used on input line 105
.
(pdftex.def)             Requested size: 195.0pt x 175.08905pt.
<FIGURE/CONNETTIVITA_SBAGLIATA.png, id=33, 390.70969pt x 350.81062pt>
File: FIGURE/CONNETTIVITA_SBAGLIATA.png Graphic file (type png)
<use FIGURE/CONNETTIVITA_SBAGLIATA.png>
Package pdftex.def Info: FIGURE/CONNETTIVITA_SBAGLIATA.png  used on input line 
111.
(pdftex.def)             Requested size: 195.0pt x 175.08905pt.


LaTeX Warning: `!h' float specifier changed to `!ht'.

[3 <./FIGURE/CONNETTIVITA_GIUSTA.png>]
<FIGURE/SCHEMA STATICO_TOT.png, id=39, 681.29532pt x 173.89969pt>
File: FIGURE/SCHEMA STATICO_TOT.png Graphic file (type png)
<use FIGURE/SCHEMA STATICO_TOT.png>
Package pdftex.def Info: FIGURE/SCHEMA STATICO_TOT.png  used on input line 126.

(pdftex.def)             Requested size: 390.0pt x 99.5484pt.
<FIGURE/DOPPIO INCASTRO.png, id=40, 433.62pt x 91.542pt>
File: FIGURE/DOPPIO INCASTRO.png Graphic file (type png)
<use FIGURE/DOPPIO INCASTRO.png>
Package pdftex.def Info: FIGURE/DOPPIO INCASTRO.png  used on input line 137.
(pdftex.def)             Requested size: 390.0pt x 82.33675pt.
 [4 <./FIGURE/CONNETTIVITA_SBAGLIATA.png> <./FIGURE/SCHEMA STATICO_TOT.png>]
<FIGURE/SINGOLO INCASTRO.png, id=48, 433.62pt x 91.542pt>
File: FIGURE/SINGOLO INCASTRO.png Graphic file (type png)
<use FIGURE/SINGOLO INCASTRO.png>
Package pdftex.def Info: FIGURE/SINGOLO INCASTRO.png  used on input line 146.
(pdftex.def)             Requested size: 390.0pt x 82.33675pt.
<FIGURE/POSIZIONE CARICHI.png, id=49, 677.53125pt x 143.03438pt>
File: FIGURE/POSIZIONE CARICHI.png Graphic file (type png)
<use FIGURE/POSIZIONE CARICHI.png>
Package pdftex.def Info: FIGURE/POSIZIONE CARICHI.png  used on input line 161.
(pdftex.def)             Requested size: 390.0pt x 82.33578pt.


LaTeX Warning: `!h' float specifier changed to `!ht'.

[5 <./FIGURE/DOPPIO INCASTRO.png> <./FIGURE/SINGOLO INCASTRO.png>] [6 <./FIGURE
/POSIZIONE CARICHI.png>] (MANUALE.aux)
Package rerunfilecheck Info: File `MANUALE.out' has not changed.
(rerunfilecheck)             Checksum: D41D8CD98F00B204E9800998ECF8427E;0.
 ) 
Here is how much of TeX's memory you used:
 13229 strings out of 479334
 207991 string characters out of 2851821
 618056 words of memory out of 3000000
 30429 multiletter control sequences out of 15000+200000
 420494 words of font info for 64 fonts, out of 3000000 for 9000
 1141 hyphenation exceptions out of 8191
 81i,7n,89p,374b,423s stack positions out of 5000i,500n,10000p,200000b,50000s
 <C:\Users\Marco Bonuccelli\AppData\Local\MiKTeX\fonts/pk/ljfour/jknappen/ec/
dpi600\ecrm1200.pk>{C:/Users/Marco Bonuccelli/AppData/Local/Programs/MiKTeX/fon
ts/enc/dvips/base/8r.enc} <C:\Users\Marco Bonuccelli\AppData\Local\MiKTeX\fonts
/pk/ljfour/jknappen/ec/dpi600\ecrm2074.pk><C:/Users/Marco Bonuccelli/AppData/Lo
cal/Programs/MiKTeX/fonts/type1/public/amsfonts/cm/cmex10.pfb><C:/Users/Marco B
onuccelli/AppData/Local/Programs/MiKTeX/fonts/type1/public/amsfonts/cm/cmmi12.p
fb><C:/Users/Marco Bonuccelli/AppData/Local/Programs/MiKTeX/fonts/type1/public/
amsfonts/cm/cmmi8.pfb><C:/Users/Marco Bonuccelli/AppData/Local/Programs/MiKTeX/
fonts/type1/public/amsfonts/cm/cmr12.pfb><C:/Users/Marco Bonuccelli/AppData/Loc
al/Programs/MiKTeX/fonts/type1/public/amsfonts/cm/cmr8.pfb><C:/Users/Marco Bonu
ccelli/AppData/Local/Programs/MiKTeX/fonts/type1/public/amsfonts/cm/cmsy10.pfb>
<C:/Users/Marco Bonuccelli/AppData/Local/Programs/MiKTeX/fonts/type1/urw/helvet
ic/uhvr8a.pfb>
Output written on MANUALE.pdf (7 pages, 410946 bytes).
PDF statistics:
 186 PDF objects out of 1000 (max. 8388607)
 16 named destinations out of 1000 (max. 500000)
 51 words of extra memory for PDF output out of 10000 (max. 10000000)

